<?xml version="1.0" encoding="UTF-8"?>
<coverage generated="1629451857510" clover="3.2.0">
  <project timestamp="1629451857510" name="All files">
    <metrics statements="54" coveredstatements="33" conditionals="28" coveredconditionals="12" methods="11" coveredmethods="9" elements="93" coveredelements="54" complexity="0" loc="54" ncloc="54" packages="5" files="11" classes="11"/>
    <package name="js.pages.login">
      <metrics statements="20" coveredstatements="11" conditionals="2" coveredconditionals="1" methods="4" coveredmethods="3"/>
      <file name="login.form.js" path="/Users/nguyenthithemy/Documents/code/Projet_Dev_Simplon/CAD_ALT_Bac_3/E-brairie/Perso/parcel-react-redux/src/js/pages/login/login.form.js">
        <metrics statements="18" coveredstatements="9" conditionals="2" coveredconditionals="1" methods="3" coveredmethods="2"/>
        <line num="8" count="7" type="stmt"/>
        <line num="13" count="7" type="stmt"/>
        <line num="15" count="7" type="stmt"/>
        <line num="16" count="4" type="stmt"/>
        <line num="18" count="4" type="stmt"/>
        <line num="24" count="7" type="stmt"/>
        <line num="25" count="7" type="stmt"/>
        <line num="27" count="7" type="stmt"/>
        <line num="28" count="0" type="stmt"/>
        <line num="29" count="0" type="stmt"/>
        <line num="31" count="0" type="stmt"/>
        <line num="32" count="0" type="stmt"/>
        <line num="33" count="0" type="stmt"/>
        <line num="34" count="0" type="stmt"/>
        <line num="38" count="0" type="stmt"/>
        <line num="40" count="0" type="stmt"/>
        <line num="41" count="0" type="stmt"/>
        <line num="47" count="7" type="stmt"/>
      </file>
      <file name="login.js" path="/Users/nguyenthithemy/Documents/code/Projet_Dev_Simplon/CAD_ALT_Bac_3/E-brairie/Perso/parcel-react-redux/src/js/pages/login/login.js">
        <metrics statements="2" coveredstatements="2" conditionals="0" coveredconditionals="0" methods="1" coveredmethods="1"/>
        <line num="4" count="1" type="stmt"/>
        <line num="5" count="1" type="stmt"/>
      </file>
    </package>
    <package name="js.pages.register">
      <metrics statements="12" coveredstatements="6" conditionals="16" coveredconditionals="7" methods="3" coveredmethods="2"/>
      <file name="register.form.js" path="/Users/nguyenthithemy/Documents/code/Projet_Dev_Simplon/CAD_ALT_Bac_3/E-brairie/Perso/parcel-react-redux/src/js/pages/register/register.form.js">
        <metrics statements="10" coveredstatements="4" conditionals="16" coveredconditionals="7" methods="2" coveredmethods="1"/>
        <line num="9" count="2" type="stmt"/>
        <line num="11" count="2" type="stmt"/>
        <line num="13" count="2" type="stmt"/>
        <line num="21" count="0" type="stmt"/>
        <line num="22" count="0" type="stmt"/>
        <line num="23" count="0" type="stmt"/>
        <line num="27" count="0" type="cond" truecount="0" falsecount="2"/>
        <line num="28" count="0" type="stmt"/>
        <line num="31" count="0" type="stmt"/>
        <line num="36" count="2" type="stmt"/>
      </file>
      <file name="register.js" path="/Users/nguyenthithemy/Documents/code/Projet_Dev_Simplon/CAD_ALT_Bac_3/E-brairie/Perso/parcel-react-redux/src/js/pages/register/register.js">
        <metrics statements="2" coveredstatements="2" conditionals="0" coveredconditionals="0" methods="1" coveredmethods="1"/>
        <line num="4" count="1" type="stmt"/>
        <line num="5" count="1" type="stmt"/>
      </file>
    </package>
    <package name="js.shared.utils">
      <metrics statements="3" coveredstatements="3" conditionals="0" coveredconditionals="0" methods="0" coveredmethods="0"/>
      <file name="api-url.js" path="/Users/nguyenthithemy/Documents/code/Projet_Dev_Simplon/CAD_ALT_Bac_3/E-brairie/Perso/parcel-react-redux/src/js/shared/utils/api-url.js">
        <metrics statements="2" coveredstatements="2" conditionals="0" coveredconditionals="0" methods="0" coveredmethods="0"/>
        <line num="3" count="4" type="stmt"/>
        <line num="5" count="4" type="stmt"/>
      </file>
      <file name="validation-schema.js" path="/Users/nguyenthithemy/Documents/code/Projet_Dev_Simplon/CAD_ALT_Bac_3/E-brairie/Perso/parcel-react-redux/src/js/shared/utils/validation-schema.js">
        <metrics statements="1" coveredstatements="1" conditionals="0" coveredconditionals="0" methods="0" coveredmethods="0"/>
        <line num="3" count="2" type="stmt"/>
      </file>
    </package>
    <package name="js.store">
      <metrics statements="17" coveredstatements="11" conditionals="10" coveredconditionals="4" methods="3" coveredmethods="3"/>
      <file name="auth.js" path="/Users/nguyenthithemy/Documents/code/Projet_Dev_Simplon/CAD_ALT_Bac_3/E-brairie/Perso/parcel-react-redux/src/js/store/auth.js">
        <metrics statements="7" coveredstatements="4" conditionals="5" coveredconditionals="2" methods="1" coveredmethods="1"/>
        <line num="1" count="2" type="stmt"/>
        <line num="6" count="2" type="cond" truecount="1" falsecount="0"/>
        <line num="7" count="6" type="cond" truecount="1" falsecount="3"/>
        <line num="9" count="0" type="stmt"/>
        <line num="15" count="0" type="stmt"/>
        <line num="22" count="0" type="stmt"/>
        <line num="25" count="6" type="stmt"/>
      </file>
      <file name="main.js" path="/Users/nguyenthithemy/Documents/code/Projet_Dev_Simplon/CAD_ALT_Bac_3/E-brairie/Perso/parcel-react-redux/src/js/store/main.js">
        <metrics statements="7" coveredstatements="4" conditionals="5" coveredconditionals="2" methods="1" coveredmethods="1"/>
        <line num="1" count="2" type="stmt"/>
        <line num="7" count="2" type="cond" truecount="1" falsecount="0"/>
        <line num="8" count="6" type="cond" truecount="1" falsecount="3"/>
        <line num="10" count="0" type="stmt"/>
        <line num="16" count="0" type="stmt"/>
        <line num="23" count="0" type="stmt"/>
        <line num="26" count="6" type="stmt"/>
      </file>
      <file name="root.js" path="/Users/nguyenthithemy/Documents/code/Projet_Dev_Simplon/CAD_ALT_Bac_3/E-brairie/Perso/parcel-react-redux/src/js/store/root.js">
        <metrics statements="1" coveredstatements="1" conditionals="0" coveredconditionals="0" methods="0" coveredmethods="0"/>
        <line num="6" count="2" type="stmt"/>
      </file>
      <file name="store.js" path="/Users/nguyenthithemy/Documents/code/Projet_Dev_Simplon/CAD_ALT_Bac_3/E-brairie/Perso/parcel-react-redux/src/js/store/store.js">
        <metrics statements="2" coveredstatements="2" conditionals="0" coveredconditionals="0" methods="1" coveredmethods="1"/>
        <line num="6" count="2" type="stmt"/>
        <line num="9" count="2" type="stmt"/>
      </file>
    </package>
    <package name="test">
      <metrics statements="2" coveredstatements="2" conditionals="0" coveredconditionals="0" methods="1" coveredmethods="1"/>
      <file name="sum.js" path="/Users/nguyenthithemy/Documents/code/Projet_Dev_Simplon/CAD_ALT_Bac_3/E-brairie/Perso/parcel-react-redux/src/test/sum.js">
        <metrics statements="2" coveredstatements="2" conditionals="0" coveredconditionals="0" methods="1" coveredmethods="1"/>
        <line num="2" count="2" type="stmt"/>
        <line num="4" count="1" type="stmt"/>
      </file>
    </package>
  </project>
</coverage>
