{"/Users/nguyenthithemy/Documents/code/Projet_Dev_Simplon/CAD_ALT_Bac_3/E-brairie/Perso/parcel-react-redux/src/js/pages/login/login.form.js": {"path":"/Users/nguyenthithemy/Documents/code/Projet_Dev_Simplon/CAD_ALT_Bac_3/E-brairie/Perso/parcel-react-redux/src/js/pages/login/login.form.js","statementMap":{"0":{"start":{"line":8,"column":32},"end":{"line":11,"column":6}},"1":{"start":{"line":13,"column":34},"end":{"line":13,"column":48}},"2":{"start":{"line":15,"column":30},"end":{"line":22,"column":5}},"3":{"start":{"line":16,"column":32},"end":{"line":16,"column":41}},"4":{"start":{"line":18,"column":8},"end":{"line":21,"column":10}},"5":{"start":{"line":24,"column":21},"end":{"line":24,"column":34}},"6":{"start":{"line":25,"column":20},"end":{"line":25,"column":32}},"7":{"start":{"line":27,"column":25},"end":{"line":45,"column":5}},"8":{"start":{"line":28,"column":8},"end":{"line":28,"column":23}},"9":{"start":{"line":29,"column":8},"end":{"line":29,"column":27}},"10":{"start":{"line":31,"column":8},"end":{"line":44,"column":9}},"11":{"start":{"line":32,"column":27},"end":{"line":32,"column":72}},"12":{"start":{"line":33,"column":12},"end":{"line":33,"column":45}},"13":{"start":{"line":34,"column":12},"end":{"line":37,"column":15}},"14":{"start":{"line":38,"column":12},"end":{"line":38,"column":29}},"15":{"start":{"line":40,"column":12},"end":{"line":40,"column":52}},"16":{"start":{"line":41,"column":12},"end":{"line":43,"column":14}},"17":{"start":{"line":47,"column":4},"end":{"line":81,"column":5}}},"fnMap":{"0":{"name":"LoginForm","decl":{"start":{"line":7,"column":9},"end":{"line":7,"column":18}},"loc":{"start":{"line":7,"column":21},"end":{"line":82,"column":1}},"line":7},"1":{"name":"(anonymous_1)","decl":{"start":{"line":15,"column":30},"end":{"line":15,"column":31}},"loc":{"start":{"line":15,"column":38},"end":{"line":22,"column":5}},"line":15},"2":{"name":"(anonymous_2)","decl":{"start":{"line":27,"column":25},"end":{"line":27,"column":26}},"loc":{"start":{"line":27,"column":38},"end":{"line":45,"column":5}},"line":27}},"branchMap":{"0":{"loc":{"start":{"line":49,"column":13},"end":{"line":49,"column":64}},"type":"binary-expr","locations":[{"start":{"line":49,"column":13},"end":{"line":49,"column":19}},{"start":{"line":49,"column":24},"end":{"line":49,"column":63}}],"line":49}},"s":{"0":7,"1":7,"2":7,"3":4,"4":4,"5":7,"6":7,"7":7,"8":0,"9":0,"10":0,"11":0,"12":0,"13":0,"14":0,"15":0,"16":0,"17":7},"f":{"0":7,"1":4,"2":0},"b":{"0":[7,0]},"_coverageSchema":"1a1c01bbd47fc00a2c39e90264f33305004495a9","hash":"356772aa69ff668f11fa27aa2ca62aee49d75712"}
,"/Users/nguyenthithemy/Documents/code/Projet_Dev_Simplon/CAD_ALT_Bac_3/E-brairie/Perso/parcel-react-redux/src/js/pages/login/login.js": {"path":"/Users/nguyenthithemy/Documents/code/Projet_Dev_Simplon/CAD_ALT_Bac_3/E-brairie/Perso/parcel-react-redux/src/js/pages/login/login.js","statementMap":{"0":{"start":{"line":4,"column":14},"end":{"line":20,"column":1}},"1":{"start":{"line":5,"column":4},"end":{"line":19,"column":6}}},"fnMap":{"0":{"name":"(anonymous_0)","decl":{"start":{"line":4,"column":14},"end":{"line":4,"column":15}},"loc":{"start":{"line":4,"column":20},"end":{"line":20,"column":1}},"line":4}},"branchMap":{},"s":{"0":1,"1":1},"f":{"0":1},"b":{},"_coverageSchema":"1a1c01bbd47fc00a2c39e90264f33305004495a9","hash":"d2763bedb56a4ef7e8d4f1a1fb510b003d84475e"}
,"/Users/nguyenthithemy/Documents/code/Projet_Dev_Simplon/CAD_ALT_Bac_3/E-brairie/Perso/parcel-react-redux/src/js/pages/register/register.form.js": {"path":"/Users/nguyenthithemy/Documents/code/Projet_Dev_Simplon/CAD_ALT_Bac_3/E-brairie/Perso/parcel-react-redux/src/js/pages/register/register.form.js","statementMap":{"0":{"start":{"line":9,"column":34},"end":{"line":9,"column":48}},"1":{"start":{"line":11,"column":20},"end":{"line":11,"column":32}},"2":{"start":{"line":13,"column":19},"end":{"line":34,"column":6}},"3":{"start":{"line":21,"column":12},"end":{"line":21,"column":28}},"4":{"start":{"line":22,"column":12},"end":{"line":32,"column":13}},"5":{"start":{"line":23,"column":31},"end":{"line":26,"column":18}},"6":{"start":{"line":27,"column":16},"end":{"line":29,"column":17}},"7":{"start":{"line":28,"column":20},"end":{"line":28,"column":42}},"8":{"start":{"line":31,"column":16},"end":{"line":31,"column":54}},"9":{"start":{"line":36,"column":4},"end":{"line":79,"column":5}}},"fnMap":{"0":{"name":"RegisterForm","decl":{"start":{"line":8,"column":9},"end":{"line":8,"column":21}},"loc":{"start":{"line":8,"column":24},"end":{"line":80,"column":1}},"line":8},"1":{"name":"(anonymous_1)","decl":{"start":{"line":20,"column":18},"end":{"line":20,"column":19}},"loc":{"start":{"line":20,"column":35},"end":{"line":33,"column":9}},"line":20}},"branchMap":{"0":{"loc":{"start":{"line":27,"column":16},"end":{"line":29,"column":17}},"type":"if","locations":[{"start":{"line":27,"column":16},"end":{"line":29,"column":17}},{"start":{"line":27,"column":16},"end":{"line":29,"column":17}}],"line":27},"1":{"loc":{"start":{"line":38,"column":13},"end":{"line":38,"column":64}},"type":"binary-expr","locations":[{"start":{"line":38,"column":13},"end":{"line":38,"column":19}},{"start":{"line":38,"column":24},"end":{"line":38,"column":63}}],"line":38},"2":{"loc":{"start":{"line":50,"column":21},"end":{"line":50,"column":127}},"type":"cond-expr","locations":[{"start":{"line":50,"column":67},"end":{"line":50,"column":120}},{"start":{"line":50,"column":123},"end":{"line":50,"column":127}}],"line":50},"3":{"loc":{"start":{"line":50,"column":21},"end":{"line":50,"column":64}},"type":"binary-expr","locations":[{"start":{"line":50,"column":21},"end":{"line":50,"column":41}},{"start":{"line":50,"column":45},"end":{"line":50,"column":64}}],"line":50},"4":{"loc":{"start":{"line":62,"column":21},"end":{"line":62,"column":136}},"type":"cond-expr","locations":[{"start":{"line":62,"column":73},"end":{"line":62,"column":129}},{"start":{"line":62,"column":132},"end":{"line":62,"column":136}}],"line":62},"5":{"loc":{"start":{"line":62,"column":21},"end":{"line":62,"column":70}},"type":"binary-expr","locations":[{"start":{"line":62,"column":21},"end":{"line":62,"column":44}},{"start":{"line":62,"column":48},"end":{"line":62,"column":70}}],"line":62},"6":{"loc":{"start":{"line":74,"column":21},"end":{"line":74,"column":172}},"type":"cond-expr","locations":[{"start":{"line":74,"column":97},"end":{"line":74,"column":165}},{"start":{"line":74,"column":168},"end":{"line":74,"column":172}}],"line":74},"7":{"loc":{"start":{"line":74,"column":21},"end":{"line":74,"column":94}},"type":"binary-expr","locations":[{"start":{"line":74,"column":21},"end":{"line":74,"column":56}},{"start":{"line":74,"column":60},"end":{"line":74,"column":94}}],"line":74}},"s":{"0":2,"1":2,"2":2,"3":0,"4":0,"5":0,"6":0,"7":0,"8":0,"9":2},"f":{"0":2,"1":0},"b":{"0":[0,0],"1":[2,0],"2":[0,2],"3":[2,0],"4":[0,2],"5":[2,0],"6":[0,2],"7":[2,0]},"_coverageSchema":"1a1c01bbd47fc00a2c39e90264f33305004495a9","hash":"faa3d92855f710596215a8a176dda0ca146e64ac"}
,"/Users/nguyenthithemy/Documents/code/Projet_Dev_Simplon/CAD_ALT_Bac_3/E-brairie/Perso/parcel-react-redux/src/js/pages/register/register.js": {"path":"/Users/nguyenthithemy/Documents/code/Projet_Dev_Simplon/CAD_ALT_Bac_3/E-brairie/Perso/parcel-react-redux/src/js/pages/register/register.js","statementMap":{"0":{"start":{"line":4,"column":17},"end":{"line":17,"column":1}},"1":{"start":{"line":5,"column":4},"end":{"line":16,"column":5}}},"fnMap":{"0":{"name":"(anonymous_0)","decl":{"start":{"line":4,"column":17},"end":{"line":4,"column":18}},"loc":{"start":{"line":4,"column":23},"end":{"line":17,"column":1}},"line":4}},"branchMap":{},"s":{"0":1,"1":1},"f":{"0":1},"b":{},"_coverageSchema":"1a1c01bbd47fc00a2c39e90264f33305004495a9","hash":"d93dc30189471a8525a1157e14b78e977b575172"}
,"/Users/nguyenthithemy/Documents/code/Projet_Dev_Simplon/CAD_ALT_Bac_3/E-brairie/Perso/parcel-react-redux/src/js/shared/utils/api-url.js": {"path":"/Users/nguyenthithemy/Documents/code/Projet_Dev_Simplon/CAD_ALT_Bac_3/E-brairie/Perso/parcel-react-redux/src/js/shared/utils/api-url.js","statementMap":{"0":{"start":{"line":3,"column":17},"end":{"line":3,"column":37}},"1":{"start":{"line":5,"column":12},"end":{"line":8,"column":2}}},"fnMap":{},"branchMap":{},"s":{"0":4,"1":4},"f":{},"b":{},"_coverageSchema":"1a1c01bbd47fc00a2c39e90264f33305004495a9","hash":"4da532ae2eb150f48e8e6940fe8f20205d8b91f3"}
,"/Users/nguyenthithemy/Documents/code/Projet_Dev_Simplon/CAD_ALT_Bac_3/E-brairie/Perso/parcel-react-redux/src/js/shared/utils/validation-schema.js": {"path":"/Users/nguyenthithemy/Documents/code/Projet_Dev_Simplon/CAD_ALT_Bac_3/E-brairie/Perso/parcel-react-redux/src/js/shared/utils/validation-schema.js","statementMap":{"0":{"start":{"line":3,"column":25},"end":{"line":19,"column":2}}},"fnMap":{},"branchMap":{},"s":{"0":2},"f":{},"b":{},"_coverageSchema":"1a1c01bbd47fc00a2c39e90264f33305004495a9","hash":"4beabb294aa267f6f2b544faf861971c961d9348"}
,"/Users/nguyenthithemy/Documents/code/Projet_Dev_Simplon/CAD_ALT_Bac_3/E-brairie/Perso/parcel-react-redux/src/js/store/auth.js": {"path":"/Users/nguyenthithemy/Documents/code/Projet_Dev_Simplon/CAD_ALT_Bac_3/E-brairie/Perso/parcel-react-redux/src/js/store/auth.js","statementMap":{"0":{"start":{"line":1,"column":21},"end":{"line":4,"column":1}},"1":{"start":{"line":6,"column":20},"end":{"line":27,"column":1}},"2":{"start":{"line":7,"column":4},"end":{"line":26,"column":5}},"3":{"start":{"line":9,"column":12},"end":{"line":12,"column":13}},"4":{"start":{"line":15,"column":12},"end":{"line":19,"column":13}},"5":{"start":{"line":22,"column":12},"end":{"line":22,"column":31}},"6":{"start":{"line":25,"column":12},"end":{"line":25,"column":24}}},"fnMap":{"0":{"name":"(anonymous_0)","decl":{"start":{"line":6,"column":20},"end":{"line":6,"column":21}},"loc":{"start":{"line":6,"column":54},"end":{"line":27,"column":1}},"line":6}},"branchMap":{"0":{"loc":{"start":{"line":6,"column":21},"end":{"line":6,"column":41}},"type":"default-arg","locations":[{"start":{"line":6,"column":29},"end":{"line":6,"column":41}}],"line":6},"1":{"loc":{"start":{"line":7,"column":4},"end":{"line":26,"column":5}},"type":"switch","locations":[{"start":{"line":8,"column":8},"end":{"line":12,"column":13}},{"start":{"line":14,"column":8},"end":{"line":19,"column":13}},{"start":{"line":21,"column":8},"end":{"line":22,"column":31}},{"start":{"line":24,"column":8},"end":{"line":25,"column":24}}],"line":7}},"s":{"0":2,"1":2,"2":6,"3":0,"4":0,"5":0,"6":6},"f":{"0":6},"b":{"0":[6],"1":[0,0,0,6]},"_coverageSchema":"1a1c01bbd47fc00a2c39e90264f33305004495a9","hash":"c6604daeeb34450479a920ed51c06a32151158b4"}
,"/Users/nguyenthithemy/Documents/code/Projet_Dev_Simplon/CAD_ALT_Bac_3/E-brairie/Perso/parcel-react-redux/src/js/store/main.js": {"path":"/Users/nguyenthithemy/Documents/code/Projet_Dev_Simplon/CAD_ALT_Bac_3/E-brairie/Perso/parcel-react-redux/src/js/store/main.js","statementMap":{"0":{"start":{"line":1,"column":21},"end":{"line":5,"column":1}},"1":{"start":{"line":7,"column":20},"end":{"line":28,"column":1}},"2":{"start":{"line":8,"column":4},"end":{"line":27,"column":5}},"3":{"start":{"line":10,"column":12},"end":{"line":13,"column":13}},"4":{"start":{"line":16,"column":12},"end":{"line":20,"column":13}},"5":{"start":{"line":23,"column":12},"end":{"line":23,"column":31}},"6":{"start":{"line":26,"column":12},"end":{"line":26,"column":24}}},"fnMap":{"0":{"name":"(anonymous_0)","decl":{"start":{"line":7,"column":20},"end":{"line":7,"column":21}},"loc":{"start":{"line":7,"column":54},"end":{"line":28,"column":1}},"line":7}},"branchMap":{"0":{"loc":{"start":{"line":7,"column":21},"end":{"line":7,"column":41}},"type":"default-arg","locations":[{"start":{"line":7,"column":29},"end":{"line":7,"column":41}}],"line":7},"1":{"loc":{"start":{"line":8,"column":4},"end":{"line":27,"column":5}},"type":"switch","locations":[{"start":{"line":9,"column":8},"end":{"line":13,"column":13}},{"start":{"line":15,"column":8},"end":{"line":20,"column":13}},{"start":{"line":22,"column":8},"end":{"line":23,"column":31}},{"start":{"line":25,"column":8},"end":{"line":26,"column":24}}],"line":8}},"s":{"0":2,"1":2,"2":6,"3":0,"4":0,"5":0,"6":6},"f":{"0":6},"b":{"0":[6],"1":[0,0,0,6]},"_coverageSchema":"1a1c01bbd47fc00a2c39e90264f33305004495a9","hash":"d364fd20d5450fc1f75d9c68d1696fbc67128c5d"}
,"/Users/nguyenthithemy/Documents/code/Projet_Dev_Simplon/CAD_ALT_Bac_3/E-brairie/Perso/parcel-react-redux/src/js/store/root.js": {"path":"/Users/nguyenthithemy/Documents/code/Projet_Dev_Simplon/CAD_ALT_Bac_3/E-brairie/Perso/parcel-react-redux/src/js/store/root.js","statementMap":{"0":{"start":{"line":6,"column":20},"end":{"line":9,"column":2}}},"fnMap":{},"branchMap":{},"s":{"0":2},"f":{},"b":{},"_coverageSchema":"1a1c01bbd47fc00a2c39e90264f33305004495a9","hash":"6a65e699afe7e9d9e2b9e83896041c22994d52f0"}
,"/Users/nguyenthithemy/Documents/code/Projet_Dev_Simplon/CAD_ALT_Bac_3/E-brairie/Perso/parcel-react-redux/src/js/store/store.js": {"path":"/Users/nguyenthithemy/Documents/code/Projet_Dev_Simplon/CAD_ALT_Bac_3/E-brairie/Perso/parcel-react-redux/src/js/store/store.js","statementMap":{"0":{"start":{"line":6,"column":25},"end":{"line":6,"column":39}},"1":{"start":{"line":9,"column":4},"end":{"line":15,"column":5}}},"fnMap":{"0":{"name":"(anonymous_0)","decl":{"start":{"line":8,"column":15},"end":{"line":8,"column":16}},"loc":{"start":{"line":8,"column":33},"end":{"line":16,"column":1}},"line":8}},"branchMap":{},"s":{"0":2,"1":2},"f":{"0":2},"b":{},"_coverageSchema":"1a1c01bbd47fc00a2c39e90264f33305004495a9","hash":"1908b4a0939dfe156570ff7b27c862a22e590d2c"}
,"/Users/nguyenthithemy/Documents/code/Projet_Dev_Simplon/CAD_ALT_Bac_3/E-brairie/Perso/parcel-react-redux/src/test/sum.js": {"path":"/Users/nguyenthithemy/Documents/code/Projet_Dev_Simplon/CAD_ALT_Bac_3/E-brairie/Perso/parcel-react-redux/src/test/sum.js","statementMap":{"0":{"start":{"line":2,"column":4},"end":{"line":2,"column":17}},"1":{"start":{"line":4,"column":0},"end":{"line":4,"column":21}}},"fnMap":{"0":{"name":"sum","decl":{"start":{"line":1,"column":9},"end":{"line":1,"column":12}},"loc":{"start":{"line":1,"column":19},"end":{"line":3,"column":3}},"line":1}},"branchMap":{},"s":{"0":2,"1":1},"f":{"0":2},"b":{},"_coverageSchema":"1a1c01bbd47fc00a2c39e90264f33305004495a9","hash":"fb7e558a48a5dfd467b6eb819577bcdf75c0865b"}
}
