TN:
SF:src/js/pages/login/login.form.js
FN:7,LoginForm
FN:15,(anonymous_1)
FN:27,(anonymous_2)
FNF:3
FNH:2
FNDA:7,LoginForm
FNDA:4,(anonymous_1)
FNDA:0,(anonymous_2)
DA:8,7
DA:13,7
DA:15,7
DA:16,4
DA:18,4
DA:24,7
DA:25,7
DA:27,7
DA:28,0
DA:29,0
DA:31,0
DA:32,0
DA:33,0
DA:34,0
DA:38,0
DA:40,0
DA:41,0
DA:47,7
LF:18
LH:9
BRDA:49,0,0,7
BRDA:49,0,1,0
BRF:2
BRH:1
end_of_record
TN:
SF:src/js/pages/login/login.js
FN:4,(anonymous_0)
FNF:1
FNH:1
FNDA:1,(anonymous_0)
DA:4,1
DA:5,1
LF:2
LH:2
BRF:0
BRH:0
end_of_record
TN:
SF:src/js/pages/register/register.form.js
FN:8,RegisterForm
FN:20,(anonymous_1)
FNF:2
FNH:1
FNDA:2,RegisterForm
FNDA:0,(anonymous_1)
DA:9,2
DA:11,2
DA:13,2
DA:21,0
DA:22,0
DA:23,0
DA:27,0
DA:28,0
DA:31,0
DA:36,2
LF:10
LH:4
BRDA:27,0,0,0
BRDA:27,0,1,0
BRDA:38,1,0,2
BRDA:38,1,1,0
BRDA:50,2,0,0
BRDA:50,2,1,2
BRDA:50,3,0,2
BRDA:50,3,1,0
BRDA:62,4,0,0
BRDA:62,4,1,2
BRDA:62,5,0,2
BRDA:62,5,1,0
BRDA:74,6,0,0
BRDA:74,6,1,2
BRDA:74,7,0,2
BRDA:74,7,1,0
BRF:16
BRH:7
end_of_record
TN:
SF:src/js/pages/register/register.js
FN:4,(anonymous_0)
FNF:1
FNH:1
FNDA:1,(anonymous_0)
DA:4,1
DA:5,1
LF:2
LH:2
BRF:0
BRH:0
end_of_record
TN:
SF:src/js/shared/utils/api-url.js
FNF:0
FNH:0
DA:3,4
DA:5,4
LF:2
LH:2
BRF:0
BRH:0
end_of_record
TN:
SF:src/js/shared/utils/validation-schema.js
FNF:0
FNH:0
DA:3,2
LF:1
LH:1
BRF:0
BRH:0
end_of_record
TN:
SF:src/js/store/auth.js
FN:6,(anonymous_0)
FNF:1
FNH:1
FNDA:6,(anonymous_0)
DA:1,2
DA:6,2
DA:7,6
DA:9,0
DA:15,0
DA:22,0
DA:25,6
LF:7
LH:4
BRDA:6,0,0,6
BRDA:7,1,0,0
BRDA:7,1,1,0
BRDA:7,1,2,0
BRDA:7,1,3,6
BRF:5
BRH:2
end_of_record
TN:
SF:src/js/store/main.js
FN:7,(anonymous_0)
FNF:1
FNH:1
FNDA:6,(anonymous_0)
DA:1,2
DA:7,2
DA:8,6
DA:10,0
DA:16,0
DA:23,0
DA:26,6
LF:7
LH:4
BRDA:7,0,0,6
BRDA:8,1,0,0
BRDA:8,1,1,0
BRDA:8,1,2,0
BRDA:8,1,3,6
BRF:5
BRH:2
end_of_record
TN:
SF:src/js/store/root.js
FNF:0
FNH:0
DA:6,2
LF:1
LH:1
BRF:0
BRH:0
end_of_record
TN:
SF:src/js/store/store.js
FN:8,(anonymous_0)
FNF:1
FNH:1
FNDA:2,(anonymous_0)
DA:6,2
DA:9,2
LF:2
LH:2
BRF:0
BRH:0
end_of_record
TN:
SF:src/test/sum.js
FN:1,sum
FNF:1
FNH:1
FNDA:2,sum
DA:2,2
DA:4,1
LF:2
LH:2
BRF:0
BRH:0
end_of_record
